[debug] [2021-07-03T08:02:57.884Z] ----------------------------------------------------------------------
[debug] [2021-07-03T08:02:57.891Z] Command:       C:\nodejs\node.exe C:\Users\91933\AppData\Roaming\npm\node_modules\firebase-tools\lib\bin\firebase.js deploy
[debug] [2021-07-03T08:02:57.892Z] CLI Version:   9.14.0
[debug] [2021-07-03T08:02:57.892Z] Platform:      win32
[debug] [2021-07-03T08:02:57.893Z] Node Version:  v14.16.0
[debug] [2021-07-03T08:02:57.900Z] Time:          Sat Jul 03 2021 13:32:57 GMT+0530 (India Standard Time)
[debug] [2021-07-03T08:02:57.901Z] ----------------------------------------------------------------------
[debug] 
[debug] [2021-07-03T08:02:57.992Z] > command requires scopes: ["email","openid","https://www.googleapis.com/auth/cloudplatformprojects.readonly","https://www.googleapis.com/auth/firebase","https://www.googleapis.com/auth/cloud-platform"]
[debug] [2021-07-03T08:02:57.992Z] > authorizing via signed-in user (spriyambada2369@gmail.com)
[debug] [2021-07-03T08:02:57.993Z] [iam] checking project worker-portal-a87c7 for permissions ["firebase.projects.get","firebasehosting.sites.update"]
[debug] [2021-07-03T08:02:57.999Z] > refreshing access token with scopes: ["email","https://www.googleapis.com/auth/cloud-platform","https://www.googleapis.com/auth/cloudplatformprojects.readonly","https://www.googleapis.com/auth/firebase","openid"]
[debug] [2021-07-03T08:02:57.999Z] >>> HTTP REQUEST POST https://www.googleapis.com/oauth2/v3/token  
 <request body omitted>
[debug] [2021-07-03T08:02:58.548Z] <<< HTTP RESPONSE 200 {"date":"Sat, 03 Jul 2021 08:02:56 GMT","expires":"Mon, 01 Jan 1990 00:00:00 GMT","pragma":"no-cache","cache-control":"no-cache, no-store, max-age=0, must-revalidate","content-type":"application/json; charset=utf-8","vary":"X-Origin, Referer, Origin,Accept-Encoding","server":"scaffolding on HTTPServer2","x-xss-protection":"0","x-frame-options":"SAMEORIGIN","x-content-type-options":"nosniff","alt-svc":"h3=\":443\"; ma=2592000,h3-29=\":443\"; ma=2592000,h3-T051=\":443\"; ma=2592000,h3-Q050=\":443\"; ma=2592000,h3-Q046=\":443\"; ma=2592000,h3-Q043=\":443\"; ma=2592000,quic=\":443\"; ma=2592000; v=\"46,43\"","accept-ranges":"none","transfer-encoding":"chunked"}
[debug] [2021-07-03T08:02:58.584Z] >>> HTTP REQUEST POST https://cloudresourcemanager.googleapis.com/v1/projects/worker-portal-a87c7:testIamPermissions  
 {"permissions":["firebase.projects.get","firebasehosting.sites.update"]}
[debug] [2021-07-03T08:03:00.338Z] <<< HTTP RESPONSE 200 {"content-type":"application/json; charset=UTF-8","vary":"X-Origin, Referer, Origin,Accept-Encoding","date":"Sat, 03 Jul 2021 08:02:58 GMT","server":"ESF","cache-control":"private","x-xss-protection":"0","x-frame-options":"SAMEORIGIN","x-content-type-options":"nosniff","server-timing":"gfet4t7; dur=1132","alt-svc":"h3=\":443\"; ma=2592000,h3-29=\":443\"; ma=2592000,h3-T051=\":443\"; ma=2592000,h3-Q050=\":443\"; ma=2592000,h3-Q046=\":443\"; ma=2592000,h3-Q043=\":443\"; ma=2592000,quic=\":443\"; ma=2592000; v=\"46,43\"","accept-ranges":"none","transfer-encoding":"chunked"}
[debug] [2021-07-03T08:03:00.343Z] > refreshing access token with scopes: []
[debug] [2021-07-03T08:03:00.343Z] >>> HTTP REQUEST POST https://www.googleapis.com/oauth2/v3/token  
 <request body omitted>
[debug] [2021-07-03T08:03:00.781Z] <<< HTTP RESPONSE 200 {"pragma":"no-cache","cache-control":"no-cache, no-store, max-age=0, must-revalidate","expires":"Mon, 01 Jan 1990 00:00:00 GMT","date":"Sat, 03 Jul 2021 08:02:59 GMT","content-type":"application/json; charset=utf-8","vary":"X-Origin, Referer, Origin,Accept-Encoding","server":"scaffolding on HTTPServer2","x-xss-protection":"0","x-frame-options":"SAMEORIGIN","x-content-type-options":"nosniff","alt-svc":"h3=\":443\"; ma=2592000,h3-29=\":443\"; ma=2592000,h3-T051=\":443\"; ma=2592000,h3-Q050=\":443\"; ma=2592000,h3-Q046=\":443\"; ma=2592000,h3-Q043=\":443\"; ma=2592000,quic=\":443\"; ma=2592000; v=\"46,43\"","accept-ranges":"none","transfer-encoding":"chunked"}
[debug] [2021-07-03T08:03:00.818Z] >>> [apiv2][query] GET https://firebase.googleapis.com/v1beta1/projects/worker-portal-a87c7 [none]
[debug] [2021-07-03T08:03:21.934Z] Failed to make request to https://firebase.googleapis.com/v1beta1/projects/worker-portal-a87c7
[debug] [2021-07-03T08:03:22.413Z] FirebaseError: Failed to make request to https://firebase.googleapis.com/v1beta1/projects/worker-portal-a87c7
    at Client.doRequest (C:\Users\91933\AppData\Roaming\npm\node_modules\firebase-tools\lib\apiv2.js:211:19)
    at processTicksAndRejections (internal/process/task_queues.js:93:5)
    at async Client.request (C:\Users\91933\AppData\Roaming\npm\node_modules\firebase-tools\lib\apiv2.js:96:20)
    at async Object.getFirebaseProject (C:\Users\91933\AppData\Roaming\npm\node_modules\firebase-tools\lib\management\projects.js:290:21)
    at async Object.getDefaultHostingSite (C:\Users\91933\AppData\Roaming\npm\node_modules\firebase-tools\lib\getDefaultHostingSite.js:8:21)
    at async requireHostingSite (C:\Users\91933\AppData\Roaming\npm\node_modules\firebase-tools\lib\requireHostingSite.js:9:18)
    at async Object.fn (C:\Users\91933\AppData\Roaming\npm\node_modules\firebase-tools\lib\commands\deploy.js:65:9)
    at async C:\Users\91933\AppData\Roaming\npm\node_modules\firebase-tools\lib\command.js:169:17
[error] 
[error] Error: Failed to get Firebase project worker-portal-a87c7. Please make sure the project exists and your account has permission to access it.
[debug] [2021-07-03T08:04:13.906Z] ----------------------------------------------------------------------
[debug] [2021-07-03T08:04:13.909Z] Command:       C:\nodejs\node.exe C:\Users\91933\AppData\Roaming\npm\node_modules\firebase-tools\lib\bin\firebase.js init
[debug] [2021-07-03T08:04:13.909Z] CLI Version:   9.14.0
[debug] [2021-07-03T08:04:13.910Z] Platform:      win32
[debug] [2021-07-03T08:04:13.910Z] Node Version:  v14.16.0
[debug] [2021-07-03T08:04:13.911Z] Time:          Sat Jul 03 2021 13:34:13 GMT+0530 (India Standard Time)
[debug] [2021-07-03T08:04:13.911Z] ----------------------------------------------------------------------
[debug] 
[debug] [2021-07-03T08:04:13.924Z] > command requires scopes: ["email","openid","https://www.googleapis.com/auth/cloudplatformprojects.readonly","https://www.googleapis.com/auth/firebase","https://www.googleapis.com/auth/cloud-platform"]
[debug] [2021-07-03T08:04:13.924Z] > authorizing via signed-in user (spriyambada2369@gmail.com)
[info] 
     ######## #### ########  ######## ########     ###     ######  ########
     ##        ##  ##     ## ##       ##     ##  ##   ##  ##       ##
     ######    ##  ########  ######   ########  #########  ######  ######
     ##        ##  ##    ##  ##       ##     ## ##     ##       ## ##
     ##       #### ##     ## ######## ########  ##     ##  ######  ########

You're about to initialize a Firebase project in this directory:

  C:\E_Drive\NewPortal\new\ToBeSentSashank\workerportalsashpvt

Before we get started, keep in mind:

  * You are currently outside your home directory
  * You are initializing within an existing Firebase project directory

